<?xml version="1.0" encoding="UTF-8"?>
<testsuites>
    <testsuite id="NPM-CUSTOM-LICENSE-CHECKER">
        <testcase name="NPM check allowed licenses">
            <failure type="FAILIURE">
                testtest
            </failure>
        </testcase>
        <testcase name="NPM check allowed licenses 2">
            <passed type="PASSED">
                testtest2
            </passed>
        </testcase>
    </testsuite>
</testsuites>